<?xml version="1.0" encoding="UTF-8"?>
<!-- Generated by org.testng.reporters.JUnitXMLReporter -->
<testsuite ignored="1" hostname="LAPTOP-K6JBIRD9" failures="0" tests="1" name="regressionTest" time="13.97" errors="0" timestamp="2025-09-15T23:26:03 IST">
  <testcase classname="testNGExamples.RegressionTest" name="regressionTest" time="13.895"/>
  <testcase classname="testNGExamples.RegressionTest" name="smokeTest" time="0.0">
    <ignored/>
  </testcase> <!-- smokeTest -->
</testsuite> <!-- regressionTest -->
