<?xml version="1.0" encoding="UTF-8"?>
<!-- Generated by org.testng.reporters.JUnitXMLReporter -->
<testsuite ignored="0" hostname="LAPTOP-K6JBIRD9" failures="2" tests="2" name="Test2" time="26.203" errors="0" timestamp="2025-09-14T22:10:17 IST">
  <testcase classname="testNGExamples.CreateOrganizationTest" name="createOrganizationTest" time="0.016">
    <failure type="java.lang.Error" message="Unresolved compilation problems: 
	UtilityClassObject cannot be resolved
	UtilityClassObject cannot be resolved
	UtilityClassObject cannot be resolved
	UtilityClassObject cannot be resolved
	UtilityClassObject cannot be resolved
	UtilityClassObject cannot be resolved
">
      <![CDATA[java.lang.Error: Unresolved compilation problems: 
UtilityClassObject cannot be resolved
UtilityClassObject cannot be resolved
UtilityClassObject cannot be resolved
UtilityClassObject cannot be resolved
UtilityClassObject cannot be resolved
UtilityClassObject cannot be resolved

at testNGExamples.CreateOrganizationTest.createOrganizationTest(CreateOrganizationTest.java:35)
at java.base/java.util.ArrayList.forEach(ArrayList.java:1596)
at java.base/java.util.concurrent.FutureTask.run(FutureTask.java:317)
at java.base/java.util.concurrent.ThreadPoolExecutor.runWorker(ThreadPoolExecutor.java:1144)
at java.base/java.util.concurrent.ThreadPoolExecutor$Worker.run(ThreadPoolExecutor.java:642)
at java.base/java.lang.Thread.run(Thread.java:1583)
... Removed 15 stack frames]]>
    </failure>
  </testcase> <!-- createOrganizationTest -->
  <testcase classname="testNGExamples.CreateOrganizationTest" name="createOrganizationWithIndustry" time="0.012">
    <failure type="java.lang.Error" message="Unresolved compilation problems: 
	UtilityClassObject cannot be resolved
	UtilityClassObject cannot be resolved
	UtilityClassObject cannot be resolved
	UtilityClassObject cannot be resolved
	UtilityClassObject cannot be resolved
	UtilityClassObject cannot be resolved
">
      <![CDATA[java.lang.Error: Unresolved compilation problems: 
UtilityClassObject cannot be resolved
UtilityClassObject cannot be resolved
UtilityClassObject cannot be resolved
UtilityClassObject cannot be resolved
UtilityClassObject cannot be resolved
UtilityClassObject cannot be resolved

at testNGExamples.CreateOrganizationTest.createOrganizationWithIndustry(CreateOrganizationTest.java:78)
at java.base/java.util.ArrayList.forEach(ArrayList.java:1596)
at java.base/java.util.concurrent.FutureTask.run(FutureTask.java:317)
at java.base/java.util.concurrent.ThreadPoolExecutor.runWorker(ThreadPoolExecutor.java:1144)
at java.base/java.util.concurrent.ThreadPoolExecutor$Worker.run(ThreadPoolExecutor.java:642)
at java.base/java.lang.Thread.run(Thread.java:1583)
... Removed 15 stack frames]]>
    </failure>
  </testcase> <!-- createOrganizationWithIndustry -->
</testsuite> <!-- Test2 -->
