<?xml version="1.0" encoding="UTF-8"?>
<!-- Generated by org.testng.reporters.JUnitXMLReporter -->
<testsuite ignored="2" hostname="LAPTOP-K6JBIRD9" failures="1" tests="3" name="Test" time="50.556" errors="0" timestamp="2025-09-10T22:01:14 IST">
  <testcase classname="testNGExamples.CreateContactTest" name="createContactWithMandatoryTest" time="0.019"/>
  <testcase classname="testNGExamples.CreateContactTest" name="createContactWithMandatoryTest" time="0.002">
    <failure type="java.lang.NullPointerException" message="Cannot invoke &amp;quot;com.aventstack.extentreports.ExtentTest.log(com.aventstack.extentreports.Status, String)&amp;quot; because the return value of &amp;quot;testNGExamples.UtilityClassObject.getTest()&amp;quot; is null">
      <![CDATA[java.lang.NullPointerException: Cannot invoke "com.aventstack.extentreports.ExtentTest.log(com.aventstack.extentreports.Status, String)" because the return value of "testNGExamples.UtilityClassObject.getTest()" is null
at testNGExamples.CreateContactTest.createContactWithMandatoryTest(CreateContactTest.java:22)
at java.base/java.util.ArrayList.forEach(ArrayList.java:1596)
... Removed 25 stack frames]]>
    </failure>
  </testcase> <!-- createContactWithMandatoryTest -->
  <testcase classname="testNGExamples.CreateOrganizationTest" name="createOrganizationTest" time="16.304"/>
  <testcase classname="com.crm.baseTest.BaseClass" name="@AfterSuite reportBackUp" time="0.0">
    <ignored/>
  </testcase> <!-- @AfterSuite reportBackUp -->
  <testcase classname="com.crm.baseTest.BaseClass" name="@BeforeSuite reportConfiguration" time="0.0">
    <ignored/>
  </testcase> <!-- @BeforeSuite reportConfiguration -->
</testsuite> <!-- Test -->
