<?xml version="1.0" encoding="UTF-8"?>
<!-- Generated by org.testng.reporters.JUnitXMLReporter -->
<testsuite ignored="4" hostname="LAPTOP-K6JBIRD9" failures="0" tests="2" name="VtigerTest" time="55.817" errors="0" timestamp="2025-09-12T16:20:18 IST">
  <testcase classname="testNGExamples.CreateContactTest" name="createContactWithOrganizationTest" time="16.379"/>
  <testcase classname="testNGExamples.CreateOrganizationTest" name="createOrganizationWithIndustry" time="15.594"/>
  <testcase classname="com.crm.baseTest.BaseClass" name="@AfterSuite reportBackUp" time="0.0">
    <ignored/>
  </testcase> <!-- @AfterSuite reportBackUp -->
  <testcase classname="testNGExamples.CreateContactTest" name="createContactWithMandatoryTest" time="0.0">
    <ignored/>
  </testcase> <!-- createContactWithMandatoryTest -->
  <testcase classname="testNGExamples.CreateOrganizationTest" name="createOrganizationTest" time="0.0">
    <ignored/>
  </testcase> <!-- createOrganizationTest -->
  <testcase classname="com.crm.baseTest.BaseClass" name="@BeforeSuite reportConfiguration" time="0.0">
    <ignored/>
  </testcase> <!-- @BeforeSuite reportConfiguration -->
</testsuite> <!-- VtigerTest -->
