<?xml version="1.0" encoding="UTF-8"?>
<!-- Generated by org.testng.reporters.JUnitXMLReporter -->
<testsuite ignored="0" hostname="LAPTOP-K6JBIRD9" failures="1" tests="1" name="Default test(failed)" time="6.302" errors="0" timestamp="2025-09-05T20:55:13 IST">
  <testcase classname="demo.VtigerAutomationAppUsingPropertiesTest" name="createOrganization" time="6.241">
    <failure type="java.io.IOException" message="Your InputStream was neither an OLE2 stream, nor an OOXML stream or you haven&amp;apos;t provide the poi-ooxml*.jar in the classpath/modulepath - FileMagic: OOXML, having providers: [org.apache.poi.hssf.usermodel.HSSFWorkbookFactory@4c51bb7]">
      <![CDATA[java.io.IOException: Your InputStream was neither an OLE2 stream, nor an OOXML stream or you haven't provide the poi-ooxml*.jar in the classpath/modulepath - FileMagic: OOXML, having providers: [org.apache.poi.hssf.usermodel.HSSFWorkbookFactory@4c51bb7]
at org.apache.poi.ss.usermodel.WorkbookFactory.wp(WorkbookFactory.java:334)
at org.apache.poi.ss.usermodel.WorkbookFactory.create(WorkbookFactory.java:224)
at org.apache.poi.ss.usermodel.WorkbookFactory.create(WorkbookFactory.java:185)
at com.crm.generic.fileUtility.ExcelUtility.getDataFromExcel(ExcelUtility.java:22)
at demo.VtigerAutomationAppUsingPropertiesTest.createOrganization(VtigerAutomationAppUsingPropertiesTest.java:64)
at java.base/java.util.ArrayList.forEach(ArrayList.java:1596)
... Removed 25 stack frames]]>
    </failure>
  </testcase> <!-- createOrganization -->
</testsuite> <!-- Default test(failed) -->
