<?xml version="1.0" encoding="UTF-8"?>
<testng-results ignored="0" total="2" passed="2" failed="0" skipped="0">
  <reporter-output>
  </reporter-output>
  <suite started-at="2025-09-15T23:25:49 IST" name="Suite" finished-at="2025-09-15T23:26:03 IST" duration-ms="13970">
    <groups>
      <group name="regression">
        <method signature="RegressionTest.regressionTest(java.lang.String)[pri:0, instance:testNGExamples.RegressionTest@ba2f4ec]" name="regressionTest" class="testNGExamples.RegressionTest"/>
      </group> <!-- regression -->
      <group name="smoke">
        <method signature="SmokeTest.smokeTest(java.lang.String)[pri:0, instance:testNGExamples.SmokeTest@77888435]" name="smokeTest" class="testNGExamples.SmokeTest"/>
      </group> <!-- smoke -->
    </groups>
    <test started-at="2025-09-15T23:25:49 IST" name="smokeTest" finished-at="2025-09-15T23:25:58 IST" duration-ms="9370">
      <class name="testNGExamples.SmokeTest">
        <test-method signature="smokeTest(java.lang.String)[pri:0, instance:testNGExamples.SmokeTest@77888435]" started-at="2025-09-15T23:25:49 IST" name="smokeTest" finished-at="2025-09-15T23:25:58 IST" duration-ms="9276" status="PASS">
          <params>
            <param index="0">
              <value>
                <![CDATA[chrome]]>
              </value>
            </param>
          </params>
          <reporter-output>
          </reporter-output>
        </test-method> <!-- smokeTest -->
      </class> <!-- testNGExamples.SmokeTest -->
    </test> <!-- smokeTest -->
    <test started-at="2025-09-15T23:25:49 IST" name="regressionTest" finished-at="2025-09-15T23:26:03 IST" duration-ms="13970">
      <class name="testNGExamples.RegressionTest">
        <test-method signature="regressionTest(java.lang.String)[pri:0, instance:testNGExamples.RegressionTest@ba2f4ec]" started-at="2025-09-15T23:25:49 IST" name="regressionTest" finished-at="2025-09-15T23:26:03 IST" duration-ms="13895" status="PASS">
          <params>
            <param index="0">
              <value>
                <![CDATA[firefox]]>
              </value>
            </param>
          </params>
          <reporter-output>
          </reporter-output>
        </test-method> <!-- regressionTest -->
      </class> <!-- testNGExamples.RegressionTest -->
    </test> <!-- regressionTest -->
  </suite> <!-- Suite -->
</testng-results>
